Token indices sequence length is longer than the specified maximum sequence length for this model (8700 > 512). Running this sequence through the model will result in indexing errors
开始批量流畅度分析
输入目录: /Users/haha/Story/data/output/regression_test
输出目录: /Users/haha/Story/data/analysis_test/regression_test_analysis
使用模型: roberta-large
初始化流畅度分析器...
初始化流畅度分析器，使用模型: roberta-large
加载Masked LM模型...
Masked LM模型加载完成: roberta-large
初始化LanguageTool...
LanguageTool初始化失败: Command '['/usr/bin/java', '-version']' returned non-zero exit status 1.
将使用简化的语法检查方法
流畅度分析器初始化完成，使用设备: cpu
找到 18 个故事文件

[1/18] 分析: thelittleredridinghood_sciencefictionrewrite_nonlinear_T0.9_s3
开始流畅度分析...
计算pseudo-PPL...
[PPL] 处理 17144 tokens，分为 34 个chunks，子采样率: 18
[PPL] 处理chunk 1/34... 完成 (masks: 15)
[PPL] 处理chunk 2/34... 完成 (masks: 15)
[PPL] 处理chunk 3/34... 完成 (masks: 15)
[PPL] 处理chunk 4/34... 完成 (masks: 15)
[PPL] 处理chunk 5/34... 完成 (masks: 15)
[PPL] 处理chunk 6/34... 完成 (masks: 15)
[PPL] 处理chunk 7/34... 完成 (masks: 15)
[PPL] 处理chunk 8/34... 完成 (masks: 15)
[PPL] 处理chunk 9/34... 完成 (masks: 15)
[PPL] 处理chunk 10/34... 完成 (masks: 15)
[PPL] 处理chunk 11/34... 完成 (masks: 15)
[PPL] 处理chunk 12/34... 完成 (masks: 15)
[PPL] 处理chunk 13/34... 完成 (masks: 15)
[PPL] 处理chunk 14/34... 完成 (masks: 15)
[PPL] 处理chunk 15/34... 完成 (masks: 15)
[PPL] 处理chunk 16/34... 完成 (masks: 15)
[PPL] 处理chunk 17/34... 完成 (masks: 15)
[PPL] 处理chunk 18/34... 完成 (masks: 15)
[PPL] 处理chunk 19/34... 完成 (masks: 15)
[PPL] 处理chunk 20/34... 完成 (masks: 15)
[PPL] 处理chunk 21/34... 完成 (masks: 15)
[PPL] 处理chunk 22/34... 完成 (masks: 15)
[PPL] 处理chunk 23/34... 完成 (masks: 15)
[PPL] 处理chunk 24/34... 完成 (masks: 15)
[PPL] 处理chunk 25/34... 完成 (masks: 15)
[PPL] 处理chunk 26/34... 完成 (masks: 15)
[PPL] 处理chunk 27/34... 完成 (masks: 15)
[PPL] 处理chunk 28/34... 完成 (masks: 15)
[PPL] 处理chunk 29/34... 完成 (masks: 15)
[PPL] 处理chunk 30/34... 完成 (masks: 15)
[PPL] 处理chunk 31/34... 完成 (masks: 15)
[PPL] 处理chunk 32/34... 完成 (masks: 15)
[PPL] 处理chunk 33/34... 完成 (masks: 22)
[PPL] 处理chunk 34/34... 完成 (masks: 7)
[PPL] mask coverage ~ 2.98% (masks=509, tokens=17144)
计算语法错误率...
流畅度分析完成 - Pseudo-PPL: 2.66, 语法错误率: 0.09
流畅度分析结果已保存: /Users/haha/Story/data/analysis_test/regression_test_analysis/fluency_analysis.json

[2/18] 分析: thelittleredridinghood_sciencefictionrewrite_linear_T0.9_s2
开始流畅度分析...
计算pseudo-PPL...
[PPL] 处理 19706 tokens，分为 39 个chunks，子采样率: 20
[PPL] 处理chunk 1/39... 完成 (masks: 13)
[PPL] 处理chunk 2/39... 完成 (masks: 13)
[PPL] 处理chunk 3/39... 完成 (masks: 13)
[PPL] 处理chunk 4/39... 完成 (masks: 13)
[PPL] 处理chunk 5/39... 完成 (masks: 13)
[PPL] 处理chunk 6/39... 完成 (masks: 13)
[PPL] 处理chunk 7/39... 完成 (masks: 13)
[PPL] 处理chunk 8/39... 完成 (masks: 13)
[PPL] 处理chunk 9/39... 完成 (masks: 13)
[PPL] 处理chunk 10/39... 完成 (masks: 13)
[PPL] 处理chunk 11/39... 完成 (masks: 13)
[PPL] 处理chunk 12/39... 完成 (masks: 13)
[PPL] 处理chunk 13/39... 完成 (masks: 13)
[PPL] 处理chunk 14/39... 完成 (masks: 13)
[PPL] 处理chunk 15/39... 完成 (masks: 13)
[PPL] 处理chunk 16/39... 完成 (masks: 13)
[PPL] 处理chunk 17/39... 完成 (masks: 13)
[PPL] 处理chunk 18/39... 完成 (masks: 13)
[PPL] 处理chunk 19/39... 完成 (masks: 13)
[PPL] 处理chunk 20/39... 完成 (masks: 13)
[PPL] 处理chunk 21/39... 完成 (masks: 13)
[PPL] 处理chunk 22/39... 完成 (masks: 13)
[PPL] 处理chunk 23/39... 完成 (masks: 13)
[PPL] 处理chunk 24/39... 完成 (masks: 13)
[PPL] 处理chunk 25/39... 完成 (masks: 13)
[PPL] 处理chunk 26/39... 完成 (masks: 13)
[PPL] 处理chunk 27/39... 完成 (masks: 13)
[PPL] 处理chunk 28/39... 完成 (masks: 13)
[PPL] 处理chunk 29/39... 完成 (masks: 13)
[PPL] 处理chunk 30/39... 完成 (masks: 13)
[PPL] 处理chunk 31/39... 完成 (masks: 13)
[PPL] 处理chunk 32/39... 完成 (masks: 13)
[PPL] 处理chunk 33/39... 完成 (masks: 13)
[PPL] 处理chunk 34/39... 完成 (masks: 13)
[PPL] 处理chunk 35/39... 完成 (masks: 13)
[PPL] 处理chunk 36/39... 完成 (masks: 13)
[PPL] 处理chunk 37/39... 完成 (masks: 13)
[PPL] 处理chunk 38/39... 完成 (masks: 19)
[PPL] 处理chunk 39/39... 完成 (masks: 7)
[PPL] mask coverage ~ 2.58% (masks=507, tokens=19706)
计算语法错误率...
流畅度分析完成 - Pseudo-PPL: 2.99, 语法错误率: 0.09
流畅度分析结果已保存: /Users/haha/Story/data/analysis_test/regression_test_analysis/fluency_analysis.json

[3/18] 分析: thelittleredridinghood_sciencefictionrewrite_nonlinear_T0.9_s2
开始流畅度分析...
计算pseudo-PPL...
[PPL] 处理 19440 tokens，分为 39 个chunks，子采样率: 20
[PPL] 处理chunk 1/39... 完成 (masks: 13)
[PPL] 处理chunk 2/39... 完成 (masks: 13)
[PPL] 处理chunk 3/39... 完成 (masks: 13)
[PPL] 处理chunk 4/39... 完成 (masks: 13)
[PPL] 处理chunk 5/39... 完成 (masks: 13)
[PPL] 处理chunk 6/39... 完成 (masks: 13)
[PPL] 处理chunk 7/39... 完成 (masks: 13)
[PPL] 处理chunk 8/39... 完成 (masks: 13)
[PPL] 处理chunk 9/39... 完成 (masks: 13)
[PPL] 处理chunk 10/39... 完成 (masks: 13)
[PPL] 处理chunk 11/39... 完成 (masks: 13)
[PPL] 处理chunk 12/39... 完成 (masks: 13)
[PPL] 处理chunk 13/39... 完成 (masks: 13)
[PPL] 处理chunk 14/39... 完成 (masks: 13)
[PPL] 处理chunk 15/39... 完成 (masks: 13)
[PPL] 处理chunk 16/39... 完成 (masks: 13)
[PPL] 处理chunk 17/39... 完成 (masks: 13)
[PPL] 处理chunk 18/39... 完成 (masks: 13)
[PPL] 处理chunk 19/39... 完成 (masks: 13)
[PPL] 处理chunk 20/39... 完成 (masks: 13)
[PPL] 处理chunk 21/39... 完成 (masks: 13)
[PPL] 处理chunk 22/39... 完成 (masks: 13)
[PPL] 处理chunk 23/39... 完成 (masks: 13)
[PPL] 处理chunk 24/39... 完成 (masks: 13)
[PPL] 处理chunk 25/39... 完成 (masks: 13)
[PPL] 处理chunk 26/39... 完成 (masks: 13)
[PPL] 处理chunk 27/39... 完成 (masks: 13)
[PPL] 处理chunk 28/39... 完成 (masks: 13)
[PPL] 处理chunk 29/39... 完成 (masks: 13)
[PPL] 处理chunk 30/39... 完成 (masks: 13)
[PPL] 处理chunk 31/39... 完成 (masks: 13)
[PPL] 处理chunk 32/39... 完成 (masks: 13)
[PPL] 处理chunk 33/39... 完成 (masks: 13)
[PPL] 处理chunk 34/39... 完成 (masks: 13)
[PPL] 处理chunk 35/39... 完成 (masks: 13)
[PPL] 处理chunk 36/39... 完成 (masks: 13)
[PPL] 处理chunk 37/39... 完成 (masks: 13)
[PPL] 处理chunk 38/39... 完成 (masks: 13)
[PPL] 处理chunk 39/39... 完成 (masks: 0)
[PPL] mask coverage ~ 2.55% (masks=494, tokens=19440)
[PPL] 跳过了 1 个无效片段
计算语法错误率...
流畅度分析完成 - Pseudo-PPL: 2.70, 语法错误率: 0.10
流畅度分析结果已保存: /Users/haha/Story/data/analysis_test/regression_test_analysis/fluency_analysis.json

[4/18] 分析: thelittleredridinghood_sciencefictionrewrite_linear_T0.9_s3
开始流畅度分析...
计算pseudo-PPL...
[PPL] 处理 17106 tokens，分为 34 个chunks，子采样率: 18
[PPL] 处理chunk 1/34... 完成 (masks: 15)
[PPL] 处理chunk 2/34... 完成 (masks: 15)
[PPL] 处理chunk 3/34... 完成 (masks: 15)
[PPL] 处理chunk 4/34... 完成 (masks: 15)
[PPL] 处理chunk 5/34... 完成 (masks: 15)
[PPL] 处理chunk 6/34... 完成 (masks: 15)
[PPL] 处理chunk 7/34... 完成 (masks: 15)
[PPL] 处理chunk 8/34... 完成 (masks: 15)
[PPL] 处理chunk 9/34... 完成 (masks: 15)
[PPL] 处理chunk 10/34... 完成 (masks: 15)
[PPL] 处理chunk 11/34... 完成 (masks: 15)
[PPL] 处理chunk 12/34... 完成 (masks: 15)
[PPL] 处理chunk 13/34... 完成 (masks: 15)
[PPL] 处理chunk 14/34... 完成 (masks: 15)
[PPL] 处理chunk 15/34... 完成 (masks: 15)
[PPL] 处理chunk 16/34... 完成 (masks: 15)
[PPL] 处理chunk 17/34... 完成 (masks: 15)
[PPL] 处理chunk 18/34... 完成 (masks: 15)
[PPL] 处理chunk 19/34... 完成 (masks: 15)
[PPL] 处理chunk 20/34... 完成 (masks: 15)
[PPL] 处理chunk 21/34... 完成 (masks: 15)
[PPL] 处理chunk 22/34... 完成 (masks: 15)
[PPL] 处理chunk 23/34... 完成 (masks: 15)
[PPL] 处理chunk 24/34... 完成 (masks: 15)
[PPL] 处理chunk 25/34... 完成 (masks: 15)
[PPL] 处理chunk 26/34... 完成 (masks: 15)
[PPL] 处理chunk 27/34... 完成 (masks: 15)
[PPL] 处理chunk 28/34... 完成 (masks: 15)
[PPL] 处理chunk 29/34... 完成 (masks: 15)
[PPL] 处理chunk 30/34... 完成 (masks: 15)
[PPL] 处理chunk 31/34... 完成 (masks: 15)
[PPL] 处理chunk 32/34... 完成 (masks: 15)
[PPL] 处理chunk 33/34... 完成 (masks: 20)
[PPL] 处理chunk 34/34... 完成 (masks: 6)
[PPL] mask coverage ~ 2.97% (masks=506, tokens=17106)
计算语法错误率...
流畅度分析完成 - Pseudo-PPL: 2.50, 语法错误率: 0.06
流畅度分析结果已保存: /Users/haha/Story/data/analysis_test/regression_test_analysis/fluency_analysis.json

[5/18] 分析: thelittleredridinghood_sciencefictionrewrite_nonlinear_T0.7_s2
开始流畅度分析...
计算pseudo-PPL...
[PPL] 处理 7434 tokens，分为 16 个chunks，子采样率: 8
[PPL] 处理chunk 1/16... 完成 (masks: 32)
[PPL] 处理chunk 2/16... 完成 (masks: 32)
[PPL] 处理chunk 3/16... 完成 (masks: 32)
[PPL] 处理chunk 4/16... 完成 (masks: 32)
[PPL] 处理chunk 5/16... 完成 (masks: 32)
[PPL] 处理chunk 6/16... 完成 (masks: 32)
[PPL] 处理chunk 7/16... 完成 (masks: 32)
[PPL] 处理chunk 8/16... 完成 (masks: 32)
[PPL] 处理chunk 9/16... 完成 (masks: 32)
[PPL] 处理chunk 10/16... 完成 (masks: 32)
[PPL] 处理chunk 11/16... 完成 (masks: 32)
[PPL] 处理chunk 12/16... 完成 (masks: 32)
[PPL] 处理chunk 13/16... 完成 (masks: 32)
[PPL] 处理chunk 14/16... 完成 (masks: 32)
[PPL] 处理chunk 15/16... 完成 (masks: 17)
[PPL] 处理chunk 16/16... 完成 (masks: 0)
[PPL] mask coverage ~ 6.28% (masks=465, tokens=7434)
[PPL] 跳过了 1 个无效片段
计算语法错误率...
流畅度分析完成 - Pseudo-PPL: 2.47, 语法错误率: 0.00
流畅度分析结果已保存: /Users/haha/Story/data/analysis_test/regression_test_analysis/fluency_analysis.json

[6/18] 分析: thelittleredridinghood_sciencefictionrewrite_nonlinear_T0.3_s3
开始流畅度分析...
计算pseudo-PPL...
[PPL] 处理 11060 tokens，分为 23 个chunks，子采样率: 12
[PPL] 处理chunk 1/23... 完成 (masks: 22)
[PPL] 处理chunk 2/23... 完成 (masks: 22)
[PPL] 处理chunk 3/23... 完成 (masks: 22)
[PPL] 处理chunk 4/23... 完成 (masks: 22)
[PPL] 处理chunk 5/23... 完成 (masks: 22)
[PPL] 处理chunk 6/23... 完成 (masks: 22)
[PPL] 处理chunk 7/23... 完成 (masks: 22)
[PPL] 处理chunk 8/23... 完成 (masks: 22)
[PPL] 处理chunk 9/23... 完成 (masks: 22)
[PPL] 处理chunk 10/23... 完成 (masks: 22)
[PPL] 处理chunk 11/23... 完成 (masks: 22)
[PPL] 处理chunk 12/23... 完成 (masks: 22)
[PPL] 处理chunk 13/23... 完成 (masks: 22)
[PPL] 处理chunk 14/23... 完成 (masks: 22)
[PPL] 处理chunk 15/23... 完成 (masks: 22)
[PPL] 处理chunk 16/23... 完成 (masks: 22)
[PPL] 处理chunk 17/23... 完成 (masks: 22)
[PPL] 处理chunk 18/23... 完成 (masks: 22)
[PPL] 处理chunk 19/23... 完成 (masks: 22)
[PPL] 处理chunk 20/23... 完成 (masks: 22)
[PPL] 处理chunk 21/23... 完成 (masks: 22)
[PPL] 处理chunk 22/23... 完成 (masks: 13)
[PPL] 处理chunk 23/23... 完成 (masks: 0)
[PPL] mask coverage ~ 4.31% (masks=475, tokens=11060)
[PPL] 跳过了 1 个无效片段
计算语法错误率...
流畅度分析完成 - Pseudo-PPL: 2.54, 语法错误率: 0.00
流畅度分析结果已保存: /Users/haha/Story/data/analysis_test/regression_test_analysis/fluency_analysis.json

[7/18] 分析: thelittleredridinghood_sciencefictionrewrite_linear_T0.3_s2
开始流畅度分析...
计算pseudo-PPL...
[PPL] 处理 13844 tokens，分为 28 个chunks，子采样率: 14
[PPL] 处理chunk 1/28... 完成 (masks: 19)
[PPL] 处理chunk 2/28... 完成 (masks: 19)
[PPL] 处理chunk 3/28... 完成 (masks: 19)
[PPL] 处理chunk 4/28... 完成 (masks: 19)
[PPL] 处理chunk 5/28... 完成 (masks: 19)
[PPL] 处理chunk 6/28... 完成 (masks: 19)
[PPL] 处理chunk 7/28... 完成 (masks: 19)
[PPL] 处理chunk 8/28... 完成 (masks: 19)
[PPL] 处理chunk 9/28... 完成 (masks: 19)
[PPL] 处理chunk 10/28... 完成 (masks: 19)
[PPL] 处理chunk 11/28... 完成 (masks: 19)
[PPL] 处理chunk 12/28... 完成 (masks: 19)
[PPL] 处理chunk 13/28... 完成 (masks: 19)
[PPL] 处理chunk 14/28... 完成 (masks: 19)
[PPL] 处理chunk 15/28... 完成 (masks: 19)
[PPL] 处理chunk 16/28... 完成 (masks: 19)
[PPL] 处理chunk 17/28... 完成 (masks: 19)
[PPL] 处理chunk 18/28... 完成 (masks: 19)
[PPL] 处理chunk 19/28... 完成 (masks: 19)
[PPL] 处理chunk 20/28... 完成 (masks: 19)
[PPL] 处理chunk 21/28... 完成 (masks: 19)
[PPL] 处理chunk 22/28... 完成 (masks: 19)
[PPL] 处理chunk 23/28... 完成 (masks: 19)
[PPL] 处理chunk 24/28... 完成 (masks: 19)
[PPL] 处理chunk 25/28... 完成 (masks: 19)
[PPL] 处理chunk 26/28... 完成 (masks: 19)
[PPL] 处理chunk 27/28... 完成 (masks: 19)
[PPL] 处理chunk 28/28... 完成 (masks: 1)
[PPL] mask coverage ~ 3.73% (masks=514, tokens=13844)
计算语法错误率...
流畅度分析完成 - Pseudo-PPL: 2.72, 语法错误率: 0.04
流畅度分析结果已保存: /Users/haha/Story/data/analysis_test/regression_test_analysis/fluency_analysis.json

[8/18] 分析: thelittleredridinghood_sciencefictionrewrite_linear_T0.7_s3
开始流畅度分析...
计算pseudo-PPL...
[PPL] 处理 11124 tokens，分为 23 个chunks，子采样率: 12
[PPL] 处理chunk 1/23... 完成 (masks: 22)
[PPL] 处理chunk 2/23... 完成 (masks: 22)
[PPL] 处理chunk 3/23... 完成 (masks: 22)
[PPL] 处理chunk 4/23... 完成 (masks: 22)
[PPL] 处理chunk 5/23... 完成 (masks: 22)
[PPL] 处理chunk 6/23... 完成 (masks: 22)
[PPL] 处理chunk 7/23... 完成 (masks: 22)
[PPL] 处理chunk 8/23... 完成 (masks: 22)
[PPL] 处理chunk 9/23... 完成 (masks: 22)
[PPL] 处理chunk 10/23... 完成 (masks: 22)
[PPL] 处理chunk 11/23... 完成 (masks: 22)
[PPL] 处理chunk 12/23... 完成 (masks: 22)
[PPL] 处理chunk 13/23... 完成 (masks: 22)
[PPL] 处理chunk 14/23... 完成 (masks: 22)
[PPL] 处理chunk 15/23... 完成 (masks: 22)
[PPL] 处理chunk 16/23... 完成 (masks: 22)
[PPL] 处理chunk 17/23... 完成 (masks: 22)
[PPL] 处理chunk 18/23... 完成 (masks: 22)
[PPL] 处理chunk 19/23... 完成 (masks: 22)
[PPL] 处理chunk 20/23... 完成 (masks: 22)
[PPL] 处理chunk 21/23... 完成 (masks: 22)
[PPL] 处理chunk 22/23... 完成 (masks: 16)
[PPL] 处理chunk 23/23... 完成 (masks: 0)
[PPL] mask coverage ~ 4.31% (masks=478, tokens=11124)
[PPL] 跳过了 1 个无效片段
计算语法错误率...
流畅度分析完成 - Pseudo-PPL: 2.85, 语法错误率: 0.05
流畅度分析结果已保存: /Users/haha/Story/data/analysis_test/regression_test_analysis/fluency_analysis.json

[9/18] 分析: thelittleredridinghood_sciencefictionrewrite_nonlinear_T0.3_s2
开始流畅度分析...
计算pseudo-PPL...
[PPL] 处理 19286 tokens，分为 39 个chunks，子采样率: 20
[PPL] 处理chunk 1/39... 完成 (masks: 13)
[PPL] 处理chunk 2/39... 完成 (masks: 13)
[PPL] 处理chunk 3/39... 完成 (masks: 13)
[PPL] 处理chunk 4/39... 完成 (masks: 13)
[PPL] 处理chunk 5/39... 完成 (masks: 13)
[PPL] 处理chunk 6/39... 完成 (masks: 13)
[PPL] 处理chunk 7/39... 完成 (masks: 13)
[PPL] 处理chunk 8/39... 完成 (masks: 13)
[PPL] 处理chunk 9/39... 完成 (masks: 13)
[PPL] 处理chunk 10/39... 完成 (masks: 13)
[PPL] 处理chunk 11/39... 完成 (masks: 13)
[PPL] 处理chunk 12/39... 完成 (masks: 13)
[PPL] 处理chunk 13/39... 完成 (masks: 13)
[PPL] 处理chunk 14/39... 完成 (masks: 13)
[PPL] 处理chunk 15/39... 完成 (masks: 13)
[PPL] 处理chunk 16/39... 完成 (masks: 13)
[PPL] 处理chunk 17/39... 完成 (masks: 13)
[PPL] 处理chunk 18/39... 完成 (masks: 13)
[PPL] 处理chunk 19/39... 完成 (masks: 13)
[PPL] 处理chunk 20/39... 完成 (masks: 13)
[PPL] 处理chunk 21/39... 完成 (masks: 13)
[PPL] 处理chunk 22/39... 完成 (masks: 13)
[PPL] 处理chunk 23/39... 完成 (masks: 13)
[PPL] 处理chunk 24/39... 完成 (masks: 13)
[PPL] 处理chunk 25/39... 完成 (masks: 13)
[PPL] 处理chunk 26/39... 完成 (masks: 13)
[PPL] 处理chunk 27/39... 完成 (masks: 13)
[PPL] 处理chunk 28/39... 完成 (masks: 13)
[PPL] 处理chunk 29/39... 完成 (masks: 13)
[PPL] 处理chunk 30/39... 完成 (masks: 13)
[PPL] 处理chunk 31/39... 完成 (masks: 13)
[PPL] 处理chunk 32/39... 完成 (masks: 13)
[PPL] 处理chunk 33/39... 完成 (masks: 13)
[PPL] 处理chunk 34/39... 完成 (masks: 13)
[PPL] 处理chunk 35/39... 完成 (masks: 13)
[PPL] 处理chunk 36/39... 完成 (masks: 13)
[PPL] 处理chunk 37/39... 完成 (masks: 13)
[PPL] 处理chunk 38/39... 完成 (masks: 9)
[PPL] 处理chunk 39/39... 完成 (masks: 0)
[PPL] mask coverage ~ 2.55% (masks=490, tokens=19286)
[PPL] 跳过了 1 个无效片段
计算语法错误率...
流畅度分析完成 - Pseudo-PPL: 2.87, 语法错误率: 0.07
流畅度分析结果已保存: /Users/haha/Story/data/analysis_test/regression_test_analysis/fluency_analysis.json

[10/18] 分析: thelittleredridinghood_sciencefictionrewrite_nonlinear_T0.7_s3
开始流畅度分析...
计算pseudo-PPL...
[PPL] 处理 26004 tokens，分为 52 个chunks，子采样率: 27
[PPL] 处理chunk 1/52... 完成 (masks: 10)
[PPL] 处理chunk 2/52... 完成 (masks: 10)
[PPL] 处理chunk 3/52... 完成 (masks: 10)
[PPL] 处理chunk 4/52... 完成 (masks: 10)
[PPL] 处理chunk 5/52... 完成 (masks: 10)
[PPL] 处理chunk 6/52... 完成 (masks: 10)
[PPL] 处理chunk 7/52... 完成 (masks: 10)
[PPL] 处理chunk 8/52... 完成 (masks: 10)
[PPL] 处理chunk 9/52... 完成 (masks: 10)
[PPL] 处理chunk 10/52... 完成 (masks: 10)
[PPL] 处理chunk 11/52... 完成 (masks: 10)
[PPL] 处理chunk 12/52... 完成 (masks: 10)
[PPL] 处理chunk 13/52... 完成 (masks: 10)
[PPL] 处理chunk 14/52... 完成 (masks: 10)
[PPL] 处理chunk 15/52... 完成 (masks: 10)
[PPL] 处理chunk 16/52... 完成 (masks: 10)
[PPL] 处理chunk 17/52... 完成 (masks: 10)
[PPL] 处理chunk 18/52... 完成 (masks: 10)
[PPL] 处理chunk 19/52... 完成 (masks: 10)
[PPL] 处理chunk 20/52... 完成 (masks: 10)
[PPL] 处理chunk 21/52... 完成 (masks: 10)
[PPL] 处理chunk 22/52... 完成 (masks: 10)
[PPL] 处理chunk 23/52... 完成 (masks: 10)
[PPL] 处理chunk 24/52... 完成 (masks: 10)
[PPL] 处理chunk 25/52... 完成 (masks: 10)
[PPL] 处理chunk 26/52... 完成 (masks: 10)
[PPL] 处理chunk 27/52... 完成 (masks: 10)
[PPL] 处理chunk 28/52... 完成 (masks: 10)
[PPL] 处理chunk 29/52... 完成 (masks: 10)
[PPL] 处理chunk 30/52... 完成 (masks: 10)
[PPL] 处理chunk 31/52... 完成 (masks: 10)
[PPL] 处理chunk 32/52... 完成 (masks: 10)
[PPL] 处理chunk 33/52... 完成 (masks: 10)
[PPL] 处理chunk 34/52... 完成 (masks: 10)
[PPL] 处理chunk 35/52... 完成 (masks: 10)
[PPL] 处理chunk 36/52... 完成 (masks: 10)
[PPL] 处理chunk 37/52... 完成 (masks: 10)
[PPL] 处理chunk 38/52... 完成 (masks: 10)
[PPL] 处理chunk 39/52... 完成 (masks: 10)
[PPL] 处理chunk 40/52... 完成 (masks: 10)
[PPL] 处理chunk 41/52... 完成 (masks: 10)
[PPL] 处理chunk 42/52... 完成 (masks: 10)
[PPL] 处理chunk 43/52... 完成 (masks: 10)
[PPL] 处理chunk 44/52... 完成 (masks: 10)
[PPL] 处理chunk 45/52... 完成 (masks: 10)
[PPL] 处理chunk 46/52... 完成 (masks: 10)
[PPL] 处理chunk 47/52... 完成 (masks: 10)
[PPL] 处理chunk 48/52... 完成 (masks: 10)
[PPL] 处理chunk 49/52... 完成 (masks: 10)
[PPL] 处理chunk 50/52... 完成 (masks: 10)
[PPL] 处理chunk 51/52... 完成 (masks: 8)
[PPL] 处理chunk 52/52... 完成 (masks: 0)
[PPL] mask coverage ~ 1.96% (masks=508, tokens=26004)
[PPL] 跳过了 1 个无效片段
计算语法错误率...
流畅度分析完成 - Pseudo-PPL: 2.90, 语法错误率: 0.01
流畅度分析结果已保存: /Users/haha/Story/data/analysis_test/regression_test_analysis/fluency_analysis.json

[11/18] 分析: thelittleredridinghood_sciencefictionrewrite_linear_T0.7_s2
开始流畅度分析...
计算pseudo-PPL...
[PPL] 处理 26042 tokens，分为 52 个chunks，子采样率: 27
[PPL] 处理chunk 1/52... 完成 (masks: 10)
[PPL] 处理chunk 2/52... 完成 (masks: 10)
[PPL] 处理chunk 3/52... 完成 (masks: 10)
[PPL] 处理chunk 4/52... 完成 (masks: 10)
[PPL] 处理chunk 5/52... 完成 (masks: 10)
[PPL] 处理chunk 6/52... 完成 (masks: 10)
[PPL] 处理chunk 7/52... 完成 (masks: 10)
[PPL] 处理chunk 8/52... 完成 (masks: 10)
[PPL] 处理chunk 9/52... 完成 (masks: 10)
[PPL] 处理chunk 10/52... 完成 (masks: 10)
[PPL] 处理chunk 11/52... 完成 (masks: 10)
[PPL] 处理chunk 12/52... 完成 (masks: 10)
[PPL] 处理chunk 13/52... 完成 (masks: 10)
[PPL] 处理chunk 14/52... 完成 (masks: 10)
[PPL] 处理chunk 15/52... 完成 (masks: 10)
[PPL] 处理chunk 16/52... 完成 (masks: 10)
[PPL] 处理chunk 17/52... 完成 (masks: 10)
[PPL] 处理chunk 18/52... 完成 (masks: 10)
[PPL] 处理chunk 19/52... 完成 (masks: 10)
[PPL] 处理chunk 20/52... 完成 (masks: 10)
[PPL] 处理chunk 21/52... 完成 (masks: 10)
[PPL] 处理chunk 22/52... 完成 (masks: 10)
[PPL] 处理chunk 23/52... 完成 (masks: 10)
[PPL] 处理chunk 24/52... 完成 (masks: 10)
[PPL] 处理chunk 25/52... 完成 (masks: 10)
[PPL] 处理chunk 26/52... 完成 (masks: 10)
[PPL] 处理chunk 27/52... 完成 (masks: 10)
[PPL] 处理chunk 28/52... 完成 (masks: 10)
[PPL] 处理chunk 29/52... 完成 (masks: 10)
[PPL] 处理chunk 30/52... 完成 (masks: 10)
[PPL] 处理chunk 31/52... 完成 (masks: 10)
[PPL] 处理chunk 32/52... 完成 (masks: 10)
[PPL] 处理chunk 33/52... 完成 (masks: 10)
[PPL] 处理chunk 34/52... 完成 (masks: 10)
[PPL] 处理chunk 35/52... 完成 (masks: 10)
[PPL] 处理chunk 36/52... 完成 (masks: 10)
[PPL] 处理chunk 37/52... 完成 (masks: 10)
[PPL] 处理chunk 38/52... 完成 (masks: 10)
[PPL] 处理chunk 39/52... 完成 (masks: 10)
[PPL] 处理chunk 40/52... 完成 (masks: 10)
[PPL] 处理chunk 41/52... 完成 (masks: 10)
[PPL] 处理chunk 42/52... 完成 (masks: 10)
[PPL] 处理chunk 43/52... 完成 (masks: 10)
[PPL] 处理chunk 44/52... 完成 (masks: 10)
[PPL] 处理chunk 45/52... 完成 (masks: 10)
[PPL] 处理chunk 46/52... 完成 (masks: 10)
[PPL] 处理chunk 47/52... 完成 (masks: 10)
[PPL] 处理chunk 48/52... 完成 (masks: 10)
[PPL] 处理chunk 49/52... 完成 (masks: 10)
[PPL] 处理chunk 50/52... 完成 (masks: 10)
[PPL] 处理chunk 51/52... 完成 (masks: 9)
[PPL] 处理chunk 52/52... 完成 (masks: 0)
[PPL] mask coverage ~ 1.96% (masks=509, tokens=26042)
[PPL] 跳过了 1 个无效片段
计算语法错误率...
流畅度分析完成 - Pseudo-PPL: 2.76, 语法错误率: 0.09
流畅度分析结果已保存: /Users/haha/Story/data/analysis_test/regression_test_analysis/fluency_analysis.json

[12/18] 分析: thelittleredridinghood_sciencefictionrewrite_linear_T0.3_s3
开始流畅度分析...
计算pseudo-PPL...
[PPL] 处理 12544 tokens，分为 25 个chunks，子采样率: 13
[PPL] 处理chunk 1/25... 完成 (masks: 20)
[PPL] 处理chunk 2/25... 完成 (masks: 20)
[PPL] 处理chunk 3/25... 完成 (masks: 20)
[PPL] 处理chunk 4/25... 完成 (masks: 20)
[PPL] 处理chunk 5/25... 完成 (masks: 20)
[PPL] 处理chunk 6/25... 完成 (masks: 20)
[PPL] 处理chunk 7/25... 完成 (masks: 20)
[PPL] 处理chunk 8/25... 完成 (masks: 20)
[PPL] 处理chunk 9/25... 完成 (masks: 20)
[PPL] 处理chunk 10/25... 完成 (masks: 20)
[PPL] 处理chunk 11/25... 完成 (masks: 20)
[PPL] 处理chunk 12/25... 完成 (masks: 20)
[PPL] 处理chunk 13/25... 完成 (masks: 20)
[PPL] 处理chunk 14/25... 完成 (masks: 20)
[PPL] 处理chunk 15/25... 完成 (masks: 20)
[PPL] 处理chunk 16/25... 完成 (masks: 20)
[PPL] 处理chunk 17/25... 完成 (masks: 20)
[PPL] 处理chunk 18/25... 完成 (masks: 20)
[PPL] 处理chunk 19/25... 完成 (masks: 20)
[PPL] 处理chunk 20/25... 完成 (masks: 20)
[PPL] 处理chunk 21/25... 完成 (masks: 20)
[PPL] 处理chunk 22/25... 完成 (masks: 20)
[PPL] 处理chunk 23/25... 完成 (masks: 20)
[PPL] 处理chunk 24/25... 完成 (masks: 30)
[PPL] 处理chunk 25/25... 完成 (masks: 10)
[PPL] mask coverage ~ 4.00% (masks=500, tokens=12544)
计算语法错误率...
流畅度分析完成 - Pseudo-PPL: 2.32, 语法错误率: 0.04
流畅度分析结果已保存: /Users/haha/Story/data/analysis_test/regression_test_analysis/fluency_analysis.json

[13/18] 分析: thelittleredridinghood_sciencefictionrewrite_linear_T0.9_s1
开始流畅度分析...
计算pseudo-PPL...
[PPL] 处理 7912 tokens，分为 16 个chunks，子采样率: 8
[PPL] 处理chunk 1/16... 完成 (masks: 32)
[PPL] 处理chunk 2/16... 完成 (masks: 32)
[PPL] 处理chunk 3/16... 完成 (masks: 32)
[PPL] 处理chunk 4/16... 完成 (masks: 32)
[PPL] 处理chunk 5/16... 完成 (masks: 32)
[PPL] 处理chunk 6/16... 完成 (masks: 32)
[PPL] 处理chunk 7/16... 完成 (masks: 32)
[PPL] 处理chunk 8/16... 完成 (masks: 32)
[PPL] 处理chunk 9/16... 完成 (masks: 32)
[PPL] 处理chunk 10/16... 完成 (masks: 32)
[PPL] 处理chunk 11/16... 完成 (masks: 32)
[PPL] 处理chunk 12/16... 完成 (masks: 32)
[PPL] 处理chunk 13/16... 完成 (masks: 32)
[PPL] 处理chunk 14/16... 完成 (masks: 32)
[PPL] 处理chunk 15/16... 完成 (masks: 47)
[PPL] 处理chunk 16/16... 完成 (masks: 15)
[PPL] mask coverage ~ 6.47% (masks=510, tokens=7912)
计算语法错误率...
流畅度分析完成 - Pseudo-PPL: 3.11, 语法错误率: 0.00
流畅度分析结果已保存: /Users/haha/Story/data/analysis_test/regression_test_analysis/fluency_analysis.json

[14/18] 分析: thelittleredridinghood_sciencefictionrewrite_nonlinear_T0.9_s1
开始流畅度分析...
计算pseudo-PPL...
[PPL] 处理 40780 tokens，分为 81 个chunks，子采样率: 41
[PPL] 处理chunk 1/81... 完成 (masks: 7)
[PPL] 处理chunk 2/81... 完成 (masks: 7)
[PPL] 处理chunk 3/81... 完成 (masks: 7)
[PPL] 处理chunk 4/81... 完成 (masks: 7)
[PPL] 处理chunk 5/81... 完成 (masks: 7)
[PPL] 处理chunk 6/81... 完成 (masks: 7)
[PPL] 处理chunk 7/81... 完成 (masks: 7)
[PPL] 处理chunk 8/81... 完成 (masks: 7)
[PPL] 处理chunk 9/81... 完成 (masks: 7)
[PPL] 处理chunk 10/81... 完成 (masks: 7)
[PPL] 处理chunk 11/81... 完成 (masks: 7)
[PPL] 处理chunk 12/81... 完成 (masks: 7)
[PPL] 处理chunk 13/81... 完成 (masks: 7)
[PPL] 处理chunk 14/81... 完成 (masks: 7)
[PPL] 处理chunk 15/81... 完成 (masks: 7)
[PPL] 处理chunk 16/81... 完成 (masks: 7)
[PPL] 处理chunk 17/81... 完成 (masks: 7)
[PPL] 处理chunk 18/81... 完成 (masks: 7)
[PPL] 处理chunk 19/81... 完成 (masks: 7)
[PPL] 处理chunk 20/81... 完成 (masks: 7)
[PPL] 处理chunk 21/81... 完成 (masks: 7)
[PPL] 处理chunk 22/81... 完成 (masks: 7)
[PPL] 处理chunk 23/81... 完成 (masks: 7)
[PPL] 处理chunk 24/81... 完成 (masks: 7)
[PPL] 处理chunk 25/81... 完成 (masks: 7)
[PPL] 处理chunk 26/81... 完成 (masks: 7)
[PPL] 处理chunk 27/81... 完成 (masks: 7)
[PPL] 处理chunk 28/81... 完成 (masks: 7)
[PPL] 处理chunk 29/81... 完成 (masks: 7)
[PPL] 处理chunk 30/81... 完成 (masks: 7)
[PPL] 处理chunk 31/81... 完成 (masks: 7)
[PPL] 处理chunk 32/81... 完成 (masks: 7)
[PPL] 处理chunk 33/81... 完成 (masks: 7)
[PPL] 处理chunk 34/81... 完成 (masks: 7)
[PPL] 处理chunk 35/81... 完成 (masks: 7)
[PPL] 处理chunk 36/81... 完成 (masks: 7)
[PPL] 处理chunk 37/81... 完成 (masks: 7)
[PPL] 处理chunk 38/81... 完成 (masks: 7)
[PPL] 处理chunk 39/81... 完成 (masks: 7)
[PPL] 处理chunk 40/81... 完成 (masks: 7)
[PPL] 处理chunk 41/81... 完成 (masks: 7)
[PPL] 处理chunk 42/81... 完成 (masks: 7)
[PPL] 处理chunk 43/81... 完成 (masks: 7)
[PPL] 处理chunk 44/81... 完成 (masks: 7)
[PPL] 处理chunk 45/81... 完成 (masks: 7)
[PPL] 处理chunk 46/81... 完成 (masks: 7)
[PPL] 处理chunk 47/81... 完成 (masks: 7)
[PPL] 处理chunk 48/81... 完成 (masks: 7)
[PPL] 处理chunk 49/81... 完成 (masks: 7)
[PPL] 处理chunk 50/81... 完成 (masks: 7)
[PPL] 处理chunk 51/81... 完成 (masks: 7)
[PPL] 处理chunk 52/81... 完成 (masks: 7)
[PPL] 处理chunk 53/81... 完成 (masks: 7)
[PPL] 处理chunk 54/81... 完成 (masks: 7)
[PPL] 处理chunk 55/81... 完成 (masks: 7)
[PPL] 处理chunk 56/81... 完成 (masks: 7)
[PPL] 处理chunk 57/81... 完成 (masks: 7)
[PPL] 处理chunk 58/81... 完成 (masks: 7)
[PPL] 处理chunk 59/81... 完成 (masks: 7)
[PPL] 处理chunk 60/81... 完成 (masks: 7)
[PPL] 处理chunk 61/81... 完成 (masks: 7)
[PPL] 处理chunk 62/81... 完成 (masks: 7)
[PPL] 处理chunk 63/81... 完成 (masks: 7)
[PPL] 处理chunk 64/81... 完成 (masks: 7)
[PPL] 处理chunk 65/81... 完成 (masks: 7)
[PPL] 处理chunk 66/81... 完成 (masks: 7)
[PPL] 处理chunk 67/81... 完成 (masks: 7)
[PPL] 处理chunk 68/81... 完成 (masks: 7)
[PPL] 处理chunk 69/81... 完成 (masks: 7)
[PPL] 处理chunk 70/81... 完成 (masks: 7)
[PPL] 处理chunk 71/81... 完成 (masks: 7)
[PPL] 处理chunk 72/81... 完成 (masks: 7)
[PPL] 处理chunk 73/81... 完成 (masks: 7)
[PPL] 处理chunk 74/81... 完成 (masks: 7)
[PPL] 处理chunk 75/81... 完成 (masks: 7)
[PPL] 处理chunk 76/81... 完成 (masks: 7)
[PPL] 处理chunk 77/81... 完成 (masks: 7)
[PPL] 处理chunk 78/81... 完成 (masks: 7)
[PPL] 处理chunk 79/81... 完成 (masks: 7)
[PPL] 处理chunk 80/81... 完成 (masks: 5)
[PPL] 处理chunk 81/81... 完成 (masks: 0)
[PPL] mask coverage ~ 1.37% (masks=558, tokens=40780)
[PPL] 跳过了 1 个无效片段
计算语法错误率...
流畅度分析完成 - Pseudo-PPL: 2.62, 语法错误率: 0.06
流畅度分析结果已保存: /Users/haha/Story/data/analysis_test/regression_test_analysis/fluency_analysis.json

[15/18] 分析: thelittleredridinghood_sciencefictionrewrite_linear_T0.3_s1
开始流畅度分析...
计算pseudo-PPL...
[PPL] 处理 26874 tokens，分为 53 个chunks，子采样率: 27
[PPL] 处理chunk 1/53... 完成 (masks: 10)
[PPL] 处理chunk 2/53... 完成 (masks: 10)
[PPL] 处理chunk 3/53... 完成 (masks: 10)
[PPL] 处理chunk 4/53... 完成 (masks: 10)
[PPL] 处理chunk 5/53... 完成 (masks: 10)
[PPL] 处理chunk 6/53... 完成 (masks: 10)
[PPL] 处理chunk 7/53... 完成 (masks: 10)
[PPL] 处理chunk 8/53... 完成 (masks: 10)
[PPL] 处理chunk 9/53... 完成 (masks: 10)
[PPL] 处理chunk 10/53... 完成 (masks: 10)
[PPL] 处理chunk 11/53... 完成 (masks: 10)
[PPL] 处理chunk 12/53... 完成 (masks: 10)
[PPL] 处理chunk 13/53... 完成 (masks: 10)
[PPL] 处理chunk 14/53... 完成 (masks: 10)
[PPL] 处理chunk 15/53... 完成 (masks: 10)
[PPL] 处理chunk 16/53... 完成 (masks: 10)
[PPL] 处理chunk 17/53... 完成 (masks: 10)
[PPL] 处理chunk 18/53... 完成 (masks: 10)
[PPL] 处理chunk 19/53... 完成 (masks: 10)
[PPL] 处理chunk 20/53... 完成 (masks: 10)
[PPL] 处理chunk 21/53... 完成 (masks: 10)
[PPL] 处理chunk 22/53... 完成 (masks: 10)
[PPL] 处理chunk 23/53... 完成 (masks: 10)
[PPL] 处理chunk 24/53... 完成 (masks: 10)
[PPL] 处理chunk 25/53... 完成 (masks: 10)
[PPL] 处理chunk 26/53... 完成 (masks: 10)
[PPL] 处理chunk 27/53... 完成 (masks: 10)
[PPL] 处理chunk 28/53... 完成 (masks: 10)
[PPL] 处理chunk 29/53... 完成 (masks: 10)
[PPL] 处理chunk 30/53... 完成 (masks: 10)
[PPL] 处理chunk 31/53... 完成 (masks: 10)
[PPL] 处理chunk 32/53... 完成 (masks: 10)
[PPL] 处理chunk 33/53... 完成 (masks: 10)
[PPL] 处理chunk 34/53... 完成 (masks: 10)
[PPL] 处理chunk 35/53... 完成 (masks: 10)
[PPL] 处理chunk 36/53... 完成 (masks: 10)
[PPL] 处理chunk 37/53... 完成 (masks: 10)
[PPL] 处理chunk 38/53... 完成 (masks: 10)
[PPL] 处理chunk 39/53... 完成 (masks: 10)
[PPL] 处理chunk 40/53... 完成 (masks: 10)
[PPL] 处理chunk 41/53... 完成 (masks: 10)
[PPL] 处理chunk 42/53... 完成 (masks: 10)
[PPL] 处理chunk 43/53... 完成 (masks: 10)
[PPL] 处理chunk 44/53... 完成 (masks: 10)
[PPL] 处理chunk 45/53... 完成 (masks: 10)
[PPL] 处理chunk 46/53... 完成 (masks: 10)
[PPL] 处理chunk 47/53... 完成 (masks: 10)
[PPL] 处理chunk 48/53... 完成 (masks: 10)
[PPL] 处理chunk 49/53... 完成 (masks: 10)
[PPL] 处理chunk 50/53... 完成 (masks: 10)
[PPL] 处理chunk 51/53... 完成 (masks: 10)
[PPL] 处理chunk 52/53... 完成 (masks: 15)
[PPL] 处理chunk 53/53... 完成 (masks: 5)
[PPL] mask coverage ~ 1.98% (masks=530, tokens=26874)
计算语法错误率...
流畅度分析完成 - Pseudo-PPL: 2.81, 语法错误率: 0.08
流畅度分析结果已保存: /Users/haha/Story/data/analysis_test/regression_test_analysis/fluency_analysis.json

[16/18] 分析: thelittleredridinghood_sciencefictionrewrite_nonlinear_T0.7_s1
开始流畅度分析...
计算pseudo-PPL...
[PPL] 处理 30074 tokens，分为 60 个chunks，子采样率: 31
[PPL] 处理chunk 1/60... 完成 (masks: 9)
[PPL] 处理chunk 2/60... 完成 (masks: 9)
[PPL] 处理chunk 3/60... 完成 (masks: 9)
[PPL] 处理chunk 4/60... 完成 (masks: 9)
[PPL] 处理chunk 5/60... 完成 (masks: 9)
[PPL] 处理chunk 6/60... 完成 (masks: 9)
[PPL] 处理chunk 7/60... 完成 (masks: 9)
[PPL] 处理chunk 8/60... 完成 (masks: 9)
[PPL] 处理chunk 9/60... 完成 (masks: 9)
[PPL] 处理chunk 10/60... 完成 (masks: 9)
[PPL] 处理chunk 11/60... 完成 (masks: 9)
[PPL] 处理chunk 12/60... 完成 (masks: 9)
[PPL] 处理chunk 13/60... 完成 (masks: 9)
[PPL] 处理chunk 14/60... 完成 (masks: 9)
[PPL] 处理chunk 15/60... 完成 (masks: 9)
[PPL] 处理chunk 16/60... 完成 (masks: 9)
[PPL] 处理chunk 17/60... 完成 (masks: 9)
[PPL] 处理chunk 18/60... 完成 (masks: 9)
[PPL] 处理chunk 19/60... 完成 (masks: 9)
[PPL] 处理chunk 20/60... 完成 (masks: 9)
[PPL] 处理chunk 21/60... 完成 (masks: 9)
[PPL] 处理chunk 22/60... 完成 (masks: 9)
[PPL] 处理chunk 23/60... 完成 (masks: 9)
[PPL] 处理chunk 24/60... 完成 (masks: 9)
[PPL] 处理chunk 25/60... 完成 (masks: 9)
[PPL] 处理chunk 26/60... 完成 (masks: 9)
[PPL] 处理chunk 27/60... 完成 (masks: 9)
[PPL] 处理chunk 28/60... 完成 (masks: 9)
[PPL] 处理chunk 29/60... 完成 (masks: 9)
[PPL] 处理chunk 30/60... 完成 (masks: 9)
[PPL] 处理chunk 31/60... 完成 (masks: 9)
[PPL] 处理chunk 32/60... 完成 (masks: 9)
[PPL] 处理chunk 33/60... 完成 (masks: 9)
[PPL] 处理chunk 34/60... 完成 (masks: 9)
[PPL] 处理chunk 35/60... 完成 (masks: 9)
[PPL] 处理chunk 36/60... 完成 (masks: 9)
[PPL] 处理chunk 37/60... 完成 (masks: 9)
[PPL] 处理chunk 38/60... 完成 (masks: 9)
[PPL] 处理chunk 39/60... 完成 (masks: 9)
[PPL] 处理chunk 40/60... 完成 (masks: 9)
[PPL] 处理chunk 41/60... 完成 (masks: 9)
[PPL] 处理chunk 42/60... 完成 (masks: 9)
[PPL] 处理chunk 43/60... 完成 (masks: 9)
[PPL] 处理chunk 44/60... 完成 (masks: 9)
[PPL] 处理chunk 45/60... 完成 (masks: 9)
[PPL] 处理chunk 46/60... 完成 (masks: 9)
[PPL] 处理chunk 47/60... 完成 (masks: 9)
[PPL] 处理chunk 48/60... 完成 (masks: 9)
[PPL] 处理chunk 49/60... 完成 (masks: 9)
[PPL] 处理chunk 50/60... 完成 (masks: 9)
[PPL] 处理chunk 51/60... 完成 (masks: 9)
[PPL] 处理chunk 52/60... 完成 (masks: 9)
[PPL] 处理chunk 53/60... 完成 (masks: 9)
[PPL] 处理chunk 54/60... 完成 (masks: 9)
[PPL] 处理chunk 55/60... 完成 (masks: 9)
[PPL] 处理chunk 56/60... 完成 (masks: 9)
[PPL] 处理chunk 57/60... 完成 (masks: 9)
[PPL] 处理chunk 58/60... 完成 (masks: 9)
[PPL] 处理chunk 59/60... 完成 (masks: 7)
[PPL] 处理chunk 60/60... 完成 (masks: 0)
[PPL] mask coverage ~ 1.77% (masks=529, tokens=30074)
[PPL] 跳过了 1 个无效片段
计算语法错误率...
流畅度分析完成 - Pseudo-PPL: 2.19, 语法错误率: 0.02
流畅度分析结果已保存: /Users/haha/Story/data/analysis_test/regression_test_analysis/fluency_analysis.json

[17/18] 分析: thelittleredridinghood_sciencefictionrewrite_linear_T0.7_s1
开始流畅度分析...
计算pseudo-PPL...
[PPL] 处理 19264 tokens，分为 39 个chunks，子采样率: 20
[PPL] 处理chunk 1/39... 完成 (masks: 13)
[PPL] 处理chunk 2/39... 完成 (masks: 13)
[PPL] 处理chunk 3/39... 完成 (masks: 13)
[PPL] 处理chunk 4/39... 完成 (masks: 13)
[PPL] 处理chunk 5/39... 完成 (masks: 13)
[PPL] 处理chunk 6/39... 完成 (masks: 13)
[PPL] 处理chunk 7/39... 完成 (masks: 13)
[PPL] 处理chunk 8/39... 完成 (masks: 13)
[PPL] 处理chunk 9/39... 完成 (masks: 13)
[PPL] 处理chunk 10/39... 完成 (masks: 13)
[PPL] 处理chunk 11/39... 完成 (masks: 13)
[PPL] 处理chunk 12/39... 完成 (masks: 13)
[PPL] 处理chunk 13/39... 完成 (masks: 13)
[PPL] 处理chunk 14/39... 完成 (masks: 13)
[PPL] 处理chunk 15/39... 完成 (masks: 13)
[PPL] 处理chunk 16/39... 完成 (masks: 13)
[PPL] 处理chunk 17/39... 完成 (masks: 13)
[PPL] 处理chunk 18/39... 完成 (masks: 13)
[PPL] 处理chunk 19/39... 完成 (masks: 13)
[PPL] 处理chunk 20/39... 完成 (masks: 13)
[PPL] 处理chunk 21/39... 完成 (masks: 13)
[PPL] 处理chunk 22/39... 完成 (masks: 13)
[PPL] 处理chunk 23/39... 完成 (masks: 13)
[PPL] 处理chunk 24/39... 完成 (masks: 13)
[PPL] 处理chunk 25/39... 完成 (masks: 13)
[PPL] 处理chunk 26/39... 完成 (masks: 13)
[PPL] 处理chunk 27/39... 完成 (masks: 13)
[PPL] 处理chunk 28/39... 完成 (masks: 13)
[PPL] 处理chunk 29/39... 完成 (masks: 13)
[PPL] 处理chunk 30/39... 完成 (masks: 13)
[PPL] 处理chunk 31/39... 完成 (masks: 13)
[PPL] 处理chunk 32/39... 完成 (masks: 13)
[PPL] 处理chunk 33/39... 完成 (masks: 13)
[PPL] 处理chunk 34/39... 完成 (masks: 13)
[PPL] 处理chunk 35/39... 完成 (masks: 13)
[PPL] 处理chunk 36/39... 完成 (masks: 13)
[PPL] 处理chunk 37/39... 完成 (masks: 13)
[PPL] 处理chunk 38/39... 完成 (masks: 8)
[PPL] 处理chunk 39/39... 完成 (masks: 0)
[PPL] mask coverage ~ 2.55% (masks=489, tokens=19264)
[PPL] 跳过了 1 个无效片段
计算语法错误率...
流畅度分析完成 - Pseudo-PPL: 2.45, 语法错误率: 0.01
流畅度分析结果已保存: /Users/haha/Story/data/analysis_test/regression_test_analysis/fluency_analysis.json

[18/18] 分析: thelittleredridinghood_sciencefictionrewrite_nonlinear_T0.3_s1
开始流畅度分析...
计算pseudo-PPL...
[PPL] 处理 21756 tokens，分为 43 个chunks，子采样率: 22
[PPL] 处理chunk 1/43... 完成 (masks: 12)
[PPL] 处理chunk 2/43... 完成 (masks: 12)
[PPL] 处理chunk 3/43... 完成 (masks: 12)
[PPL] 处理chunk 4/43... 完成 (masks: 12)
[PPL] 处理chunk 5/43... 完成 (masks: 12)
[PPL] 处理chunk 6/43... 完成 (masks: 12)
[PPL] 处理chunk 7/43... 完成 (masks: 12)
[PPL] 处理chunk 8/43... 完成 (masks: 12)
[PPL] 处理chunk 9/43... 完成 (masks: 12)
[PPL] 处理chunk 10/43... 完成 (masks: 12)
[PPL] 处理chunk 11/43... 完成 (masks: 12)
[PPL] 处理chunk 12/43... 完成 (masks: 12)
[PPL] 处理chunk 13/43... 完成 (masks: 12)
[PPL] 处理chunk 14/43... 完成 (masks: 12)
[PPL] 处理chunk 15/43... 完成 (masks: 12)
[PPL] 处理chunk 16/43... 完成 (masks: 12)
[PPL] 处理chunk 17/43... 完成 (masks: 12)
[PPL] 处理chunk 18/43... 完成 (masks: 12)
[PPL] 处理chunk 19/43... 完成 (masks: 12)
[PPL] 处理chunk 20/43... 完成 (masks: 12)
[PPL] 处理chunk 21/43... 完成 (masks: 12)
[PPL] 处理chunk 22/43... 完成 (masks: 12)
[PPL] 处理chunk 23/43... 完成 (masks: 12)
[PPL] 处理chunk 24/43... 完成 (masks: 12)
[PPL] 处理chunk 25/43... 完成 (masks: 12)
[PPL] 处理chunk 26/43... 完成 (masks: 12)
[PPL] 处理chunk 27/43... 完成 (masks: 12)
[PPL] 处理chunk 28/43... 完成 (masks: 12)
[PPL] 处理chunk 29/43... 完成 (masks: 12)
[PPL] 处理chunk 30/43... 完成 (masks: 12)
[PPL] 处理chunk 31/43... 完成 (masks: 12)
[PPL] 处理chunk 32/43... 完成 (masks: 12)
[PPL] 处理chunk 33/43... 完成 (masks: 12)
[PPL] 处理chunk 34/43... 完成 (masks: 12)
[PPL] 处理chunk 35/43... 完成 (masks: 12)
[PPL] 处理chunk 36/43... 完成 (masks: 12)
[PPL] 处理chunk 37/43... 完成 (masks: 12)
[PPL] 处理chunk 38/43... 完成 (masks: 12)
[PPL] 处理chunk 39/43... 完成 (masks: 12)
[PPL] 处理chunk 40/43... 完成 (masks: 12)
[PPL] 处理chunk 41/43... 完成 (masks: 12)
[PPL] 处理chunk 42/43... 完成 (masks: 18)
[PPL] 处理chunk 43/43... 完成 (masks: 6)
[PPL] mask coverage ~ 2.38% (masks=516, tokens=21756)
计算语法错误率...
流畅度分析完成 - Pseudo-PPL: 2.39, 语法错误率: 0.00
流畅度分析结果已保存: /Users/haha/Story/data/analysis_test/regression_test_analysis/fluency_analysis.json

归一化分数...
Pseudo-PPL分位数: P5=2.30, P95=3.01
语法错误率分位数: P5=0.00, P95=0.09
汇总结果已保存: /Users/haha/Story/data/analysis_test/regression_test_analysis/fluency_analysis_summary.json
CSV报告已保存: /Users/haha/Story/data/analysis_test/regression_test_analysis/fluency_analysis_report.csv

流畅度分析统计:
平均Pseudo-PPL: 2.66
平均语法错误率: 0.05
平均流畅度分数: 0.50

批量流畅度分析完成！共处理 18 个文件
