2025-09-01 12:46:12,260 | INFO | Saved to history: 加载大纲 at 12:46:12
2025-09-01 12:46:19,670 | INFO | Saved characters to history: 加载角色 at 12:46:19
2025-09-01 12:46:30,126 | INFO | Saved story to history: 加载故事 at 12:46:30
2025-09-01 13:05:49,673 | INFO | Saved to history: 加载大纲 at 13:05:49
2025-09-01 13:05:57,936 | INFO | Saved characters to history: 加载角色 at 13:05:57
2025-09-01 13:06:11,847 | INFO | Saved story to history: 加载故事 at 13:06:11
2025-09-01 13:14:23,518 | INFO | Saved to history: 加载大纲 at 13:14:23
2025-09-01 13:14:30,274 | INFO | Saved characters to history: 加载角色 at 13:14:30
2025-09-01 13:14:39,182 | INFO | Saved story to history: 加载故事 at 13:14:39
2025-09-01 13:30:17,618 | INFO | Saved to history: 加载大纲 at 13:30:17
2025-09-01 13:30:24,256 | INFO | Saved characters to history: 加载角色 at 13:30:24
2025-09-01 13:30:33,894 | INFO | Saved story to history: 加载故事 at 13:30:33
2025-09-01 13:41:42,734 | INFO | Saved to history: 加载大纲 at 13:41:42
2025-09-01 13:41:48,913 | INFO | Saved characters to history: 加载角色 at 13:41:48
2025-09-01 13:42:00,549 | INFO | Saved story to history: 加载故事 at 13:42:00
2025-09-01 13:52:07,305 | INFO | Backend operation: 构建版本名称 | Duration: 0.000s | Success: True
2025-09-01 13:52:11,797 | INFO | Backend operation: 生成新outline | Duration: 4.490s | Success: True
2025-09-01 13:52:11,798 | INFO | Backend operation: 保存outline到共享目录 | Duration: 0.001s | Success: True
2025-09-01 13:52:11,799 | INFO | Backend operation: 合并结构数据 | Duration: 0.000s | Success: True
2025-09-01 13:52:11,800 | INFO | Backend operation: 保存最终大纲 | Duration: 0.001s | Success: True
2025-09-01 13:52:11,800 | INFO | Saved to history: 生成大纲 at 13:52:11
2025-09-01 13:52:27,526 | INFO | Saved characters to history: 生成角色 at 13:52:27
2025-09-01 13:55:07,210 | INFO | Saved story to history: 生成故事 at 13:55:07
2025-09-01 14:02:25,753 | INFO | Backend operation: 构建版本名称 | Duration: 0.000s | Success: True
2025-09-01 14:02:32,131 | INFO | Backend operation: 生成新outline | Duration: 6.377s | Success: True
2025-09-01 14:02:32,132 | INFO | Backend operation: 保存outline到共享目录 | Duration: 0.001s | Success: True
2025-09-01 14:02:32,133 | INFO | Backend operation: 合并结构数据 | Duration: 0.000s | Success: True
2025-09-01 14:02:32,135 | INFO | Backend operation: 保存最终大纲 | Duration: 0.001s | Success: True
2025-09-01 14:02:32,136 | INFO | Saved to history: 生成大纲 at 14:02:32
2025-09-01 14:02:42,163 | INFO | Saved characters to history: 生成角色 at 14:02:42
2025-09-01 14:04:17,874 | INFO | Saved story to history: 生成故事 at 14:04:17
2025-09-01 14:27:21,544 | INFO | Saved to history: 加载大纲 at 14:27:21
2025-09-01 14:27:27,942 | INFO | Saved characters to history: 加载角色 at 14:27:27
2025-09-01 14:27:43,559 | INFO | Saved story to history: 加载故事 at 14:27:43
2025-09-01 14:34:43,963 | INFO | Saved story to history: 编辑第4章 at 14:34:43
2025-09-01 14:44:46,518 | INFO | Saved story to history: 编辑第4章 at 14:44:46
2025-09-01 20:58:32,475 | INFO | Saved to history: 加载大纲 at 20:58:32
2025-09-01 20:58:41,371 | INFO | Saved characters to history: 加载角色 at 20:58:41
2025-09-01 20:58:50,421 | INFO | Saved story to history: 加载故事 at 20:58:50
2025-09-01 20:59:58,151 | INFO | Backend operation: 保存到项目目录 | Duration: 0.002s | Success: True
2025-09-01 21:21:30,563 | INFO | Saved to history: 加载大纲 at 21:21:30
2025-09-01 21:21:38,060 | INFO | Saved characters to history: 加载角色 at 21:21:38
2025-09-01 21:21:47,872 | INFO | Saved story to history: 加载故事 at 21:21:47
2025-09-01 21:30:41,162 | INFO | Backend operation: 对话生成 | Duration: 481.367s | Success: True
2025-09-01 21:30:41,175 | INFO | Backend operation: 保存对话到项目 | Duration: 0.008s | Success: True
