2025-09-02 00:02:49,506 | INFO | Saved to history: 加载大纲 at 00:02:49
2025-09-02 00:03:02,468 | INFO | Saved characters to history: 加载角色 at 00:03:02
2025-09-02 00:03:16,151 | INFO | Saved story to history: 加载故事 at 00:03:16
2025-09-02 00:14:02,229 | INFO | Backend operation: 对话生成 | Duration: 491.067s | Success: True
2025-09-02 00:14:02,257 | INFO | Backend operation: 保存对话到项目 | Duration: 0.020s | Success: True
2025-09-02 00:20:10,161 | INFO | Backend operation: 保存对话到项目 | Duration: 0.011s | Success: True
2025-09-02 11:53:19,297 | INFO | Saved to history: 加载大纲 at 11:53:19
2025-09-02 11:53:32,476 | INFO | Saved characters to history: 加载角色 at 11:53:32
2025-09-02 11:53:45,893 | INFO | Saved story to history: 加载故事 at 11:53:45
2025-09-02 12:28:49,505 | INFO | Saved to history: 加载大纲 at 12:28:49
2025-09-02 12:28:58,904 | INFO | Saved characters to history: 加载角色 at 12:28:58
2025-09-02 12:29:10,334 | INFO | Saved story to history: 加载故事 at 12:29:10
2025-09-02 12:34:00,554 | INFO | Backend operation: 保存对话到项目 | Duration: 0.015s | Success: True
2025-09-02 13:07:56,353 | INFO | Backend operation: 故事增强 | Duration: 364.385s | Success: True
2025-09-02 13:22:25,750 | INFO | Backend operation: 故事增强 | Duration: 375.027s | Success: True
2025-09-02 14:37:31,859 | INFO | Saved to history: 加载大纲 at 14:37:31
2025-09-02 14:37:39,247 | INFO | Saved characters to history: 加载角色 at 14:37:39
2025-09-02 14:37:49,565 | INFO | Saved story to history: 加载故事 at 14:37:49
2025-09-02 15:23:59,329 | INFO | Saved to history: 加载大纲 at 15:23:59
2025-09-02 15:24:05,072 | INFO | Saved characters to history: 加载角色 at 15:24:05
2025-09-02 15:24:14,027 | INFO | Saved story to history: 加载故事 at 15:24:14
2025-09-02 15:58:06,572 | INFO | Saved to history: 加载大纲 at 15:58:06
2025-09-02 15:58:15,411 | INFO | Saved characters to history: 加载角色 at 15:58:15
2025-09-02 15:58:24,075 | INFO | Saved story to history: 加载故事 at 15:58:24
