2025-08-27 06:00:24,472 | INFO | Backend operation: 构建版本名称 | Duration: 0.000s | Success: True
2025-08-27 06:00:34,100 | INFO | Backend operation: 生成新outline | Duration: 9.616s | Success: True
2025-08-27 06:00:34,102 | INFO | Backend operation: 保存outline到共享目录 | Duration: 0.001s | Success: True
2025-08-27 06:00:34,103 | INFO | Backend operation: 合并结构数据 | Duration: 0.000s | Success: True
2025-08-27 06:00:34,104 | INFO | Backend operation: 保存最终大纲 | Duration: 0.001s | Success: True
2025-08-27 06:17:02,716 | INFO | Backend operation: 重新生成单个章节 | Duration: 2.692s | Success: True
2025-08-27 06:17:25,241 | INFO | Backend operation: 重新生成单个章节 | Duration: 3.611s | Success: True
2025-08-27 06:30:14,690 | INFO | Backend operation: 构建版本名称 | Duration: 0.000s | Success: True
2025-08-27 06:30:21,780 | INFO | Backend operation: 生成新outline | Duration: 7.089s | Success: True
2025-08-27 06:30:21,783 | INFO | Backend operation: 保存outline到共享目录 | Duration: 0.002s | Success: True
2025-08-27 06:30:21,785 | INFO | Backend operation: 合并结构数据 | Duration: 0.000s | Success: True
2025-08-27 06:30:21,790 | INFO | Backend operation: 保存最终大纲 | Duration: 0.005s | Success: True
2025-08-27 06:30:46,216 | INFO | Backend operation: 重新生成第4章 | Duration: 5.296s | Success: True
2025-08-27 07:32:01,254 | INFO | Backend operation: 重新生成第4章 | Duration: 3.559s | Success: True
2025-08-27 07:32:01,256 | INFO | Saved to history: 重新生成第4章 at 07:32:01
2025-08-27 07:32:10,178 | INFO | Saved to history: 删除第4章 at 07:32:10
2025-08-27 07:32:20,913 | INFO | Saved to history: 删除第3章 at 07:32:20
2025-08-27 07:33:12,151 | INFO | Saved to history: 自动重排 at 07:33:12
2025-08-27 07:33:13,754 | INFO | Backend operation: 自动重排章节 | Duration: 1.602s | Success: True
2025-08-27 07:33:28,412 | INFO | Backend operation: 自动重排-叙述结构分析 | Duration: 14.657s | Success: True
2025-08-27 07:33:45,376 | INFO | Saved to history: 自动重排 at 07:33:45
2025-08-27 07:33:47,553 | INFO | Backend operation: 自动重排章节 | Duration: 2.176s | Success: True
2025-08-27 07:34:00,621 | INFO | Backend operation: 自动重排-叙述结构分析 | Duration: 13.067s | Success: True
2025-08-27 15:13:40,349 | INFO | Backend operation: 构建版本名称 | Duration: 0.001s | Success: True
2025-08-27 15:13:45,608 | INFO | Backend operation: 生成新outline | Duration: 5.258s | Success: True
2025-08-27 15:13:45,610 | INFO | Backend operation: 保存outline到共享目录 | Duration: 0.001s | Success: True
2025-08-27 15:13:45,611 | INFO | Backend operation: 合并结构数据 | Duration: 0.000s | Success: True
2025-08-27 15:13:45,613 | INFO | Backend operation: 保存最终大纲 | Duration: 0.001s | Success: True
2025-08-27 15:13:45,614 | INFO | Saved to history: 生成大纲 at 15:13:45
2025-08-27 15:14:12,479 | INFO | Backend operation: 重新生成第5章 | Duration: 5.588s | Success: True
2025-08-27 15:14:12,482 | INFO | Saved to history: 重新生成第5章 at 15:14:12
2025-08-27 15:14:30,189 | INFO | Saved to history: 编辑第5章 at 15:14:30
2025-08-27 15:15:11,178 | INFO | Saved to history: 手动重排 at 15:15:11
2025-08-27 15:15:20,760 | INFO | Saved to history: 自动重排 at 15:15:20
2025-08-27 15:15:22,634 | INFO | Backend operation: 自动重排章节 | Duration: 1.873s | Success: True
2025-08-27 15:15:35,989 | INFO | Backend operation: 自动重排-叙述结构分析 | Duration: 13.354s | Success: True
2025-08-27 15:17:28,703 | INFO | Saved to history: 添加新章节 at 15:17:28
2025-08-27 15:34:57,577 | INFO | Saved to history: 删除第8章 at 15:34:57
2025-08-27 15:35:28,623 | INFO | Saved to history: 在第4位置添加新章节 at 15:35:28
2025-08-27 16:52:41,401 | INFO | Backend operation: 构建版本名称 | Duration: 0.002s | Success: True
2025-08-27 16:52:46,113 | INFO | Backend operation: 生成新outline | Duration: 4.707s | Success: True
2025-08-27 16:52:46,114 | INFO | Backend operation: 保存outline到共享目录 | Duration: 0.001s | Success: True
2025-08-27 16:52:46,116 | INFO | Backend operation: 合并结构数据 | Duration: 0.000s | Success: True
2025-08-27 16:52:46,117 | INFO | Backend operation: 保存最终大纲 | Duration: 0.001s | Success: True
2025-08-27 16:52:46,118 | INFO | Saved to history: 生成大纲 at 16:52:46
2025-08-27 16:54:25,218 | INFO | Backend operation: 构建版本名称 | Duration: 0.000s | Success: True
2025-08-27 16:54:29,404 | INFO | Backend operation: 生成新outline | Duration: 4.185s | Success: True
2025-08-27 16:54:29,406 | INFO | Backend operation: 保存outline到共享目录 | Duration: 0.001s | Success: True
2025-08-27 16:54:29,407 | INFO | Backend operation: 合并结构数据 | Duration: 0.000s | Success: True
2025-08-27 16:54:29,408 | INFO | Backend operation: 保存最终大纲 | Duration: 0.001s | Success: True
2025-08-27 16:54:29,409 | INFO | Saved to history: 生成大纲 at 16:54:29
2025-08-27 16:55:19,101 | INFO | Backend operation: 角色生成 | Duration: 17.197s | Success: True
2025-08-27 16:55:19,105 | INFO | Saved to history: 生成角色 at 16:55:19
