2025-08-28 02:55:42,082 | INFO | Backend operation: 构建版本名称 | Duration: 0.000s | Success: True
2025-08-28 02:55:45,086 | INFO | Backend operation: 生成新outline | Duration: 3.004s | Success: True
2025-08-28 02:55:45,087 | INFO | Backend operation: 保存outline到共享目录 | Duration: 0.001s | Success: True
2025-08-28 02:55:45,089 | INFO | Backend operation: 合并结构数据 | Duration: 0.000s | Success: True
2025-08-28 02:55:45,090 | INFO | Backend operation: 保存最终大纲 | Duration: 0.001s | Success: True
2025-08-28 02:55:45,091 | INFO | Saved to history: 生成大纲 at 02:55:45
2025-08-28 03:38:15,445 | INFO | Backend operation: 构建版本名称 | Duration: 0.000s | Success: True
2025-08-28 03:38:21,012 | INFO | Backend operation: 生成新outline | Duration: 5.565s | Success: True
2025-08-28 03:38:21,014 | INFO | Backend operation: 保存outline到共享目录 | Duration: 0.001s | Success: True
2025-08-28 03:38:21,016 | INFO | Backend operation: 合并结构数据 | Duration: 0.000s | Success: True
2025-08-28 03:38:21,017 | INFO | Backend operation: 保存最终大纲 | Duration: 0.001s | Success: True
2025-08-28 03:38:21,017 | INFO | Saved to history: 生成大纲 at 03:38:21
2025-08-28 03:38:40,008 | INFO | Saved to history: 生成角色 at 03:38:40
2025-08-28 05:41:03,626 | INFO | Backend operation: 构建版本名称 | Duration: 0.000s | Success: True
2025-08-28 05:41:07,952 | INFO | Backend operation: 生成新outline | Duration: 4.325s | Success: True
2025-08-28 05:41:07,953 | INFO | Backend operation: 保存outline到共享目录 | Duration: 0.001s | Success: True
2025-08-28 05:41:07,955 | INFO | Backend operation: 合并结构数据 | Duration: 0.000s | Success: True
2025-08-28 05:41:07,956 | INFO | Backend operation: 保存最终大纲 | Duration: 0.001s | Success: True
2025-08-28 05:41:07,957 | INFO | Saved to history: 生成大纲 at 05:41:07
2025-08-28 05:41:32,001 | INFO | Saved to history: 生成角色 at 05:41:32
2025-08-28 06:03:17,692 | INFO | Saved to history: 添加新角色: 小红帽的姥姥 at 06:03:17
2025-08-28 06:03:47,012 | INFO | Saved to history: 重新生成角色: 母亲 at 06:03:47
2025-08-28 06:16:06,205 | INFO | Backend operation: 构建版本名称 | Duration: 0.000s | Success: True
2025-08-28 06:16:09,479 | INFO | Backend operation: 生成新outline | Duration: 3.272s | Success: True
2025-08-28 06:16:09,481 | INFO | Backend operation: 保存outline到共享目录 | Duration: 0.001s | Success: True
2025-08-28 06:16:09,484 | INFO | Backend operation: 合并结构数据 | Duration: 0.000s | Success: True
2025-08-28 06:16:09,485 | INFO | Backend operation: 保存最终大纲 | Duration: 0.001s | Success: True
2025-08-28 06:16:09,486 | INFO | Saved to history: 生成大纲 at 06:16:09
2025-08-28 06:16:27,130 | INFO | Saved characters to history: 生成角色 at 06:16:27
2025-08-28 06:16:54,818 | INFO | Saved characters to history: 添加新角色: 姥姥 at 06:16:54
2025-08-28 06:17:10,897 | INFO | Saved characters to history: 重新生成角色: 祖母 at 06:17:10
2025-08-28 06:17:18,277 | INFO | Saved characters to history: 编辑角色: 祖母 at 06:17:18
2025-08-28 06:17:20,451 | INFO | Saved characters to history: 删除角色: 祖母 at 06:17:20
2025-08-28 06:37:42,480 | INFO | Saved to history: 加载大纲 at 06:37:42
2025-08-28 06:37:59,299 | INFO | Saved characters to history: 生成角色 at 06:37:59
2025-08-28 06:54:54,256 | INFO | Saved characters to history: 重新生成角色: 外婆 at 06:54:54
2025-08-28 06:54:57,777 | INFO | Saved characters to history: 编辑角色: 外婆 at 06:54:57
2025-08-28 06:54:59,316 | INFO | Saved characters to history: 删除角色: 外婆 at 06:54:59
2025-08-28 06:55:16,760 | INFO | Saved characters to history: 添加新角色: 姥姥 at 06:55:16
2025-08-28 07:10:03,995 | INFO | Saved to history: 加载大纲 at 07:10:03
2025-08-28 07:10:17,915 | INFO | Saved characters to history: 生成角色 at 07:10:17
2025-08-28 07:15:50,372 | INFO | Saved characters to history: 生成角色 at 07:15:50
2025-08-28 07:16:12,997 | INFO | Saved characters to history: 生成角色 at 07:16:12
2025-08-28 07:17:08,936 | INFO | Saved characters to history: 生成角色 at 07:17:08
2025-08-28 07:21:24,847 | INFO | Saved to history: 加载大纲 at 07:21:24
2025-08-28 07:21:33,994 | INFO | Saved characters to history: 生成角色 at 07:21:33
2025-08-28 14:41:49,608 | INFO | Saved to history: 加载大纲 at 14:41:49
2025-08-28 14:42:00,062 | INFO | Saved characters to history: 生成角色 at 14:42:00
2025-08-28 15:08:43,952 | INFO | Saved to history: 加载大纲 at 15:08:43
2025-08-28 15:09:46,483 | INFO | Saved characters to history: 生成角色 at 15:09:46
2025-08-28 15:22:50,565 | INFO | Saved to history: 加载大纲 at 15:22:50
2025-08-28 15:24:10,195 | INFO | Saved to history: 加载大纲 at 15:24:10
2025-08-28 15:27:47,855 | INFO | Saved to history: 加载大纲 at 15:27:47
2025-08-28 15:27:56,133 | INFO | Saved characters to history: 加载角色 at 15:27:56
2025-08-28 16:13:38,881 | INFO | Saved to history: 加载大纲 at 16:13:38
2025-08-28 16:13:47,570 | INFO | Saved characters to history: 加载角色 at 16:13:47
2025-08-28 16:22:52,999 | INFO | Saved to history: 加载大纲 at 16:22:52
2025-08-28 16:23:03,502 | INFO | Saved characters to history: 加载角色 at 16:23:03
2025-08-28 16:23:24,547 | INFO | Saved story to history: 加载故事 at 16:23:24
2025-08-28 16:23:40,213 | INFO | Saved story to history: 重新生成第5章 at 16:23:40
2025-08-28 16:23:54,660 | INFO | Saved story to history: 编辑第5章 at 16:23:54
2025-08-28 16:28:49,574 | INFO | Saved to history: 加载大纲 at 16:28:49
2025-08-28 16:28:58,751 | INFO | Saved characters to history: 加载角色 at 16:28:58
2025-08-28 16:29:27,480 | INFO | Saved story to history: 加载故事 at 16:29:27
