2025-09-08 11:49:51,173 | INFO | Backend operation: Build version name | Duration: 0.000s | Success: True
2025-09-08 11:49:57,926 | INFO | Backend operation: Generate custom outline | Duration: 6.753s | Success: True
2025-09-08 11:49:57,928 | INFO | Backend operation: Merge structure data | Duration: 0.000s | Success: True
2025-09-08 11:49:57,928 | INFO | Backend operation: Save final outline | Duration: 0.001s | Success: True
2025-09-08 11:49:57,929 | INFO | Saved to history: Generate outline at 11:49:57
2025-09-08 11:52:51,143 | INFO | Backend operation: Build version name | Duration: 0.000s | Success: True
2025-09-08 11:52:56,149 | INFO | Backend operation: Generate custom outline | Duration: 5.005s | Success: True
2025-09-08 11:52:56,150 | INFO | Backend operation: Merge structure data | Duration: 0.000s | Success: True
2025-09-08 11:52:56,152 | INFO | Backend operation: Save final outline | Duration: 0.001s | Success: True
2025-09-08 11:52:56,159 | INFO | Saved to history: Generate outline at 11:52:56
2025-09-08 11:54:32,792 | INFO | Saved characters to history: Generate characters at 11:54:32
2025-09-08 11:55:19,492 | INFO | Backend operation: Save to project directory | Duration: 0.001s | Success: True
2025-09-08 12:04:24,627 | INFO | Saved story to history: Generate Story at 12:04:24
2025-09-08 12:25:55,318 | INFO | Backend operation: Dialogue Generation | Duration: 512.200s | Success: True
2025-09-08 12:25:55,340 | INFO | Backend operation: Save Dialogue to Project | Duration: 0.014s | Success: True
2025-09-08 12:26:17,176 | INFO | Backend operation: Save Dialogue to Project | Duration: 0.023s | Success: True
2025-09-08 12:29:32,124 | INFO | Backend operation: Story Enhancement | Duration: 183.414s | Success: True
2025-09-08 12:35:09,090 | INFO | Saved to history: Load outline at 12:35:09
2025-09-08 12:35:18,400 | INFO | Saved characters to history: Load characters at 12:35:18
2025-09-08 12:35:31,521 | INFO | Saved story to history: Load Story at 12:35:31
2025-09-08 12:39:38,885 | INFO | Backend operation: Story Enhancement | Duration: 218.849s | Success: True
2025-09-08 12:48:33,287 | INFO | Saved to history: Load outline at 12:48:33
2025-09-08 12:48:44,328 | INFO | Saved characters to history: Load characters at 12:48:44
2025-09-08 12:49:14,482 | INFO | Saved story to history: Load Story at 12:49:14
